<?xml version="1.0" encoding="UTF-8"?>
<testng-results skipped="0" failed="0" ignored="0" total="3" passed="3">
  <reporter-output>
  </reporter-output>
  <suite name="Default suite" duration-ms="76" started-at="2019-07-11T10:00:35Z" finished-at="2019-07-11T10:00:36Z">
    <groups>
    </groups>
    <test name="Default test" duration-ms="76" started-at="2019-07-11T10:00:35Z" finished-at="2019-07-11T10:00:36Z">
      <class name="com.tests.NewTest">
        <test-method status="PASS" signature="f(int, java.lang.String, int)[pri:0, instance:com.tests.NewTest@5dfcfece]" name="f" duration-ms="17" started-at="2019-07-11T10:00:36Z" data-provider="register" finished-at="2019-07-11T10:00:36Z">
          <params>
            <param index="0">
              <value>
                <![CDATA[1]]>
              </value>
            </param>
            <param index="1">
              <value>
                <![CDATA[geeth]]>
              </value>
            </param>
            <param index="2">
              <value>
                <![CDATA[25]]>
              </value>
            </param>
          </params>
          <reporter-output>
          </reporter-output>
        </test-method> <!-- f -->
        <test-method status="PASS" signature="f(int, java.lang.String, int)[pri:0, instance:com.tests.NewTest@5dfcfece]" name="f" duration-ms="4" started-at="2019-07-11T10:00:36Z" data-provider="register" finished-at="2019-07-11T10:00:36Z">
          <params>
            <param index="0">
              <value>
                <![CDATA[2]]>
              </value>
            </param>
            <param index="1">
              <value>
                <![CDATA[geetha]]>
              </value>
            </param>
            <param index="2">
              <value>
                <![CDATA[65]]>
              </value>
            </param>
          </params>
          <reporter-output>
          </reporter-output>
        </test-method> <!-- f -->
        <test-method status="PASS" signature="f(int, java.lang.String, int)[pri:0, instance:com.tests.NewTest@5dfcfece]" name="f" duration-ms="2" started-at="2019-07-11T10:00:36Z" data-provider="register" finished-at="2019-07-11T10:00:36Z">
          <params>
            <param index="0">
              <value>
                <![CDATA[3]]>
              </value>
            </param>
            <param index="1">
              <value>
                <![CDATA[harshi]]>
              </value>
            </param>
            <param index="2">
              <value>
                <![CDATA[45]]>
              </value>
            </param>
          </params>
          <reporter-output>
          </reporter-output>
        </test-method> <!-- f -->
      </class> <!-- com.tests.NewTest -->
    </test> <!-- Default test -->
  </suite> <!-- Default suite -->
</testng-results>
